  camera.cpp
  FileName.cpp
  window.cpp
  main.cpp
C:\Users\Soby\Desktop\!!Agc Done\Light-shadows-part-2\GameEngine\main.cpp(437,22): warning C4244: 'initializing': conversion from 'double' to 'float', possible loss of data
C:\Users\Soby\Desktop\!!Agc Done\Light-shadows-part-2\GameEngine\main.cpp(449,12): warning C4244: '=': conversion from 'double' to 'float', possible loss of data
C:\Users\Soby\Desktop\!!Agc Done\Light-shadows-part-2\GameEngine\main.cpp(450,12): warning C4244: '=': conversion from 'double' to 'float', possible loss of data
C:\Users\Soby\Desktop\!!Agc Done\Light-shadows-part-2\GameEngine\main.cpp(454,17): warning C4244: 'initializing': conversion from 'double' to 'float', possible loss of data
C:\Users\Soby\Desktop\!!Agc Done\Light-shadows-part-2\GameEngine\main.cpp(455,17): warning C4244: 'initializing': conversion from 'double' to 'float', possible loss of data
C:\Users\Soby\Desktop\!!Agc Done\Light-shadows-part-2\GameEngine\main.cpp(457,11): warning C4244: '=': conversion from 'double' to 'float', possible loss of data
C:\Users\Soby\Desktop\!!Agc Done\Light-shadows-part-2\GameEngine\main.cpp(458,11): warning C4244: '=': conversion from 'double' to 'float', possible loss of data
C:\Users\Soby\Desktop\!!Agc Done\Light-shadows-part-2\GameEngine\main.cpp(694,27): warning C4244: '=': conversion from 'double' to 'float', possible loss of data
  meshLoaderObj.cpp
  mesh.cpp
  shader.cpp
  texture.cpp
  Generating Code...
LINK : warning LNK4098: defaultlib 'MSVCRT' conflicts with use of other libs; use /NODEFAULTLIB:library
LINK : warning LNK4098: defaultlib 'LIBCMT' conflicts with use of other libs; use /NODEFAULTLIB:library
glew32s.lib(glew.obj) : warning LNK4099: PDB '' was not found with 'glew32s.lib(glew.obj)' or at ''; linking object as if no debug info
  GameEngine.vcxproj -> C:\Users\Soby\Desktop\!!Agc Done\Light-shadows-part-2\Debug\GameEngine.exe
